2025-11-21 11:40:52 +0000 [MT] Initial pipeline context: <IDEDistributionProcessingPipelineContext: 0x707ce4f00; archive(resolved)="<IDEArchive: 0x705a0b560>", distributionTask(resolved)="2", distributionDestination(resolved)="1", distributionMethod(resolved)="<IDEDistributionMethodDevelopmentSigned: 0x70624fac0>", team(resolved)="<IDEProvisioningBasicTeam: 0x705a666a0; teamID='TC8CJRTW2P', teamName='Yu Moses'>">
	Chain (14, self inclusive):
	<IDEDistributionProcessingPipelineContext: 0x707ce4f00; archive = "<IDEArchive: 0x705a0b560>", distributionMethod="<IDEDistributionMethodDevelopmentSigned: 0x70624fac0>", team="<IDEProvisioningBasicTeam: 0x705a666a0; teamID='TC8CJRTW2P', teamName='Yu Moses'>">
	<IDEDistributionProcessingPipelineContext: 0x707ce5200; archive = "<IDEArchive: 0x705a0b560>", distributionMethod="<IDEDistributionMethodDevelopmentSigned: 0x70624fac0>", team="<IDEProvisioningBasicTeam: 0x705a666a0; teamID='TC8CJRTW2P', teamName='Yu Moses'>">
	<IDEDistributionContext: 0x705ae6300; archive = "<IDEArchive: 0x705a0b560>", distributionMethod="<IDEDistributionMethodDevelopmentSigned: 0x70624fac0>", team="<IDEProvisioningBasicTeam: 0x705a666a0; teamID='TC8CJRTW2P', teamName='Yu Moses'>">
	<IDEDistributionContext: 0x705ae5400; archive = "<IDEArchive: 0x705a0b560>", distributionMethod="<IDEDistributionMethodDevelopmentSigned: 0x70624fac0>", team="<IDEProvisioningBasicTeam: 0x705a666a0; teamID='TC8CJRTW2P', teamName='Yu Moses'>">
	<IDEDistributionContext: 0x705ae5180; archive = "<IDEArchive: 0x705a0b560>", distributionMethod="<IDEDistributionMethodDevelopmentSigned: 0x70624fac0>", team="<IDEProvisioningBasicTeam: 0x705a666a0; teamID='TC8CJRTW2P', teamName='Yu Moses'>">
	<IDEDistributionContext: 0x705ae4f00; archive = "<IDEArchive: 0x705a0b560>", distributionMethod="<IDEDistributionMethodDevelopmentSigned: 0x70624fac0>", team="<IDEProvisioningBasicTeam: 0x705a666a0; teamID='TC8CJRTW2P', teamName='Yu Moses'>">
	<IDEDistributionContext: 0x705ae4c80; archive = "<IDEArchive: 0x705a0b560>", distributionMethod="<IDEDistributionMethodDevelopmentSigned: 0x70624fac0>", team="<IDEProvisioningBasicTeam: 0x705a666a0; teamID='TC8CJRTW2P', teamName='Yu Moses'>">
	<IDEDistributionContext: 0x705ae4a00; archive = "<IDEArchive: 0x705a0b560>", distributionMethod="<IDEDistributionMethodDevelopmentSigned: 0x70624fac0>", team="<IDEProvisioningBasicTeam: 0x705a666a0; teamID='TC8CJRTW2P', teamName='Yu Moses'>">
	<IDEDistributionContext: 0x705ae4780; archive = "<IDEArchive: 0x705a0b560>", distributionMethod="<IDEDistributionMethodDevelopmentSigned: 0x70624fac0>", team="<IDEProvisioningBasicTeam: 0x705a666a0; teamID='TC8CJRTW2P', teamName='Yu Moses'>">
	<IDEDistributionContext: 0x705ae4500; archive = "<IDEArchive: 0x705a0b560>", distributionMethod="<IDEDistributionMethodDevelopmentSigned: 0x70624fac0>", team="(null)">
	<IDEDistributionContext: 0x705ae4280; archive = "<IDEArchive: 0x705a0b560>", distributionMethod="<IDEDistributionMethodDevelopmentSigned: 0x70624fac0>", team="(null)">
	<IDEDistributionContext: 0x705ae4000; archive = "<IDEArchive: 0x705a0b560>", distributionMethod="<IDEDistributionMethodDevelopmentSigned: 0x70624fac0>", team="(null)">
	<IDEDistributionContext: 0x10535a690; archive = "<IDEArchive: 0x705a0b560>", distributionMethod="<IDEDistributionMethodDevelopmentSigned: 0x70624fac0>", team="(null)">
	<IDEDistributionContext: 0x10538ef30; archive = "<IDEArchive: 0x705a0b560>", distributionMethod="(null)", team="(null)">
</IDEDistributionProcessingPipelineContext: 0x707ce4f00>
2025-11-21 11:40:52 +0000 [MT] Processing step: IDEDistributionCreateDestRootStep
2025-11-21 11:40:52 +0000 [MT] Processing step: IDEDistributionCopyItemStep
2025-11-21 11:40:52 +0000 [MT] Running /usr/bin/ditto '-V' '/Users/moses/Desktop/Keep Island/build/KeepIsland.xcarchive/Products/Applications/Keep Island.app' '/var/folders/gm/_jwxssss1kj1zc5x_dh64xl80000gq/T/XcodeDistPipeline.~~~LAGXu8/Root/Payload/Keep Island.app'
2025-11-21 11:40:52 +0000  >>> Copying /Users/moses/Desktop/Keep Island/build/KeepIsland.xcarchive/Products/Applications/Keep Island.app 
2025-11-21 11:40:52 +0000  copying file ./_CodeSignature/CodeResources ... 
2025-11-21 11:40:52 +0000  2775 bytes for ./_CodeSignature/CodeResources
2025-11-21 11:40:52 +0000  copying file ./AppIcon60x60@2x.png ... 
2025-11-21 11:40:52 +0000  2961 bytes for ./AppIcon60x60@2x.png
2025-11-21 11:40:52 +0000  copying file ./Assets.car ... 
2025-11-21 11:40:52 +0000  127384 bytes for ./Assets.car
2025-11-21 11:40:52 +0000  copying file ./AppIcon76x76@2x~ipad.png ... 
2025-11-21 11:40:52 +0000  3622 bytes for ./AppIcon76x76@2x~ipad.png
2025-11-21 11:40:52 +0000  copying file ./Keep Island ... 
2025-11-21 11:40:52 +0000  122464 bytes for ./Keep Island
2025-11-21 11:40:52 +0000  copying file ./embedded.mobileprovision ... 
2025-11-21 11:40:52 +0000  14271 bytes for ./embedded.mobileprovision
2025-11-21 11:40:52 +0000  copying file ./Info.plist ... 
2025-11-21 11:40:52 +0000  1562 bytes for ./Info.plist
2025-11-21 11:40:52 +0000  copying file ./PkgInfo ... 
2025-11-21 11:40:52 +0000  8 bytes for ./PkgInfo
2025-11-21 11:40:52 +0000 [MT] /usr/bin/ditto exited with 0
2025-11-21 11:40:52 +0000 [MT] Processing step: IDEDistributionEmbedProfileStep
2025-11-21 11:40:52 +0000 [MT] Processing step: IDEDistributionInfoPlistStep
2025-11-21 11:40:52 +0000 [MT] Skipping step: IDEDistributionInfoPlistStep because it said so
2025-11-21 11:40:52 +0000 [MT] Processing step: IDEDistributionAppThinningPlistStep
2025-11-21 11:40:52 +0000 [MT] Skipping step: IDEDistributionAppThinningPlistStep because it said so
2025-11-21 11:40:52 +0000 [MT] Processing step: IDEDistributionSymbolsStep
2025-11-21 11:40:52 +0000 [MT] Skipping step: IDEDistributionSymbolsStep because it said so
2025-11-21 11:40:52 +0000 [MT] Processing step: IDEDistributionAppThinningStep
2025-11-21 11:40:52 +0000 [MT] Skipping step: IDEDistributionAppThinningStep because it said so
2025-11-21 11:40:52 +0000 [MT] Processing step: IDEDistributionArchThinningStep
2025-11-21 11:40:52 +0000 [MT] Archs to thin for item /Users/moses/Desktop/Keep Island/build/KeepIsland.xcarchive/Products/Applications/Keep Island.app are []
2025-11-21 11:40:52 +0000 [MT] Processing step: IDEDistributionODRStep
2025-11-21 11:40:52 +0000 [MT] Processing step: IDEDistributionStripXattrsStep
2025-11-21 11:40:52 +0000 [MT] Skipping stripping extended attributes because the codesign step will strip them.
2025-11-21 11:40:52 +0000 [MT] Processing step: IDEDistributionCodesignStep
2025-11-21 11:40:52 +0000 [MT] Entitlements for <IDEDistributionItem: 0x705a81500; bundleID='Moses-Yu.Keep-Island', path='<DVTFilePath:0x7077e7f00:'/Users/moses/Desktop/Keep Island/build/KeepIsland.xcarchive/Products/Applications/Keep Island.app'>', codeSigningInfo='<_DVTCodeSigningInformation_Path: 0x705a814a0; isSigned='1', isAdHocSigned='0', signingCertificate='<DVTSigningCertificate: 0x70771e940; name='Apple Development: moses.bot0123@gmail.com (9X5G8UQU99)', hash='2E6CDF4D1338DA820A6C1B14B22F8CAC10F86A60', serialNumber='406A696D4DD29D7D0176A4784998D52D', certificateKinds='(
    "1.2.840.113635.100.6.1.12",
    "1.2.840.113635.100.6.1.2"
), issueDate='2025-07-27 05:51:40 +0000''>', entitlements='{
    "application-identifier" = "TC8CJRTW2P.Moses-Yu.Keep-Island";
    "com.apple.developer.team-identifier" = TC8CJRTW2P;
    "get-task-allow" = 1;
}', teamID='TC8CJRTW2P', identifier='Moses-Yu.Keep-Island', executablePath='<DVTFilePath:0x705a0bb80:'/Users/moses/Desktop/Keep Island/build/KeepIsland.xcarchive/Products/Applications/Keep Island.app/Keep Island'>', hardenedRuntime='0'>'>: {
    "application-identifier" = "TC8CJRTW2P.Moses-Yu.Keep-Island";
    "com.apple.developer.team-identifier" = TC8CJRTW2P;
    "get-task-allow" = 1;
}
2025-11-21 11:40:52 +0000 [MT] Associated App Clip Identifiers Filter: Skipping because "com.apple.developer.associated-appclip-app-identifiers" is not present
2025-11-21 11:40:52 +0000 [MT] Entitlements for <IDEDistributionItem: 0x705a81500; bundleID='Moses-Yu.Keep-Island', path='<DVTFilePath:0x7077e7f00:'/Users/moses/Desktop/Keep Island/build/KeepIsland.xcarchive/Products/Applications/Keep Island.app'>', codeSigningInfo='<_DVTCodeSigningInformation_Path: 0x705a814a0; isSigned='1', isAdHocSigned='0', signingCertificate='<DVTSigningCertificate: 0x70771e040; name='Apple Development: moses.bot0123@gmail.com (9X5G8UQU99)', hash='2E6CDF4D1338DA820A6C1B14B22F8CAC10F86A60', serialNumber='406A696D4DD29D7D0176A4784998D52D', certificateKinds='(
    "1.2.840.113635.100.6.1.12",
    "1.2.840.113635.100.6.1.2"
), issueDate='2025-07-27 05:51:40 +0000''>', entitlements='{
    "application-identifier" = "TC8CJRTW2P.Moses-Yu.Keep-Island";
    "com.apple.developer.team-identifier" = TC8CJRTW2P;
    "get-task-allow" = 1;
}', teamID='TC8CJRTW2P', identifier='Moses-Yu.Keep-Island', executablePath='<DVTFilePath:0x705a0bb80:'/Users/moses/Desktop/Keep Island/build/KeepIsland.xcarchive/Products/Applications/Keep Island.app/Keep Island'>', hardenedRuntime='0'>'> are: {
    "application-identifier" = "TC8CJRTW2P.Moses-Yu.Keep-Island";
    "com.apple.developer.team-identifier" = TC8CJRTW2P;
    "get-task-allow" = 1;
}
2025-11-21 11:40:52 +0000 [MT] Writing entitlements for <IDEDistributionItem: 0x705a81500; bundleID='Moses-Yu.Keep-Island', path='<DVTFilePath:0x7077e7f00:'/Users/moses/Desktop/Keep Island/build/KeepIsland.xcarchive/Products/Applications/Keep Island.app'>', codeSigningInfo='<_DVTCodeSigningInformation_Path: 0x705a814a0; isSigned='1', isAdHocSigned='0', signingCertificate='<DVTSigningCertificate: 0x70771e040; name='Apple Development: moses.bot0123@gmail.com (9X5G8UQU99)', hash='2E6CDF4D1338DA820A6C1B14B22F8CAC10F86A60', serialNumber='406A696D4DD29D7D0176A4784998D52D', certificateKinds='(
    "1.2.840.113635.100.6.1.12",
    "1.2.840.113635.100.6.1.2"
), issueDate='2025-07-27 05:51:40 +0000''>', entitlements='{
    "application-identifier" = "TC8CJRTW2P.Moses-Yu.Keep-Island";
    "com.apple.developer.team-identifier" = TC8CJRTW2P;
    "get-task-allow" = 1;
}', teamID='TC8CJRTW2P', identifier='Moses-Yu.Keep-Island', executablePath='<DVTFilePath:0x705a0bb80:'/Users/moses/Desktop/Keep Island/build/KeepIsland.xcarchive/Products/Applications/Keep Island.app/Keep Island'>', hardenedRuntime='0'>'> to: /var/folders/gm/_jwxssss1kj1zc5x_dh64xl80000gq/T/XcodeDistPipeline.~~~LAGXu8/entitlements~~~uS1k5B
2025-11-21 11:40:52 +0000 [MT] invoking codesign: <NSConcreteTask: 0x705bf2b70; launchPath='/usr/bin/codesign', arguments='(
    "-f",
    "-s",
    2E6CDF4D1338DA820A6C1B14B22F8CAC10F86A60,
    "--entitlements",
    "/var/folders/gm/_jwxssss1kj1zc5x_dh64xl80000gq/T/XcodeDistPipeline.~~~LAGXu8/entitlements~~~uS1k5B",
    "--preserve-metadata=identifier,flags,runtime,launch-constraints,library-constraints",
    "--generate-entitlement-der",
    "--strip-disallowed-xattrs",
    "-vvv",
    "/var/folders/gm/_jwxssss1kj1zc5x_dh64xl80000gq/T/XcodeDistPipeline.~~~LAGXu8/Root/Payload/Keep Island.app"
)'>
2025-11-21 11:40:52 +0000 [MT] codesign output: /var/folders/gm/_jwxssss1kj1zc5x_dh64xl80000gq/T/XcodeDistPipeline.~~~LAGXu8/Root/Payload/Keep Island.app: replacing existing signature
/var/folders/gm/_jwxssss1kj1zc5x_dh64xl80000gq/T/XcodeDistPipeline.~~~LAGXu8/Root/Payload/Keep Island.app: signed app bundle with Mach-O thin (arm64) [Moses-Yu.Keep-Island]
2025-11-21 11:40:52 +0000 [MT] Processing step: IDEDistributionZipODRItemStep
2025-11-21 11:40:52 +0000 [MT] Skipping step: IDEDistributionZipODRItemStep because it said so
2025-11-21 11:40:52 +0000 [MT] Processing step: IDEDistributionCreateIPAStep
2025-11-21 11:40:52 +0000 [MT] Running /usr/bin/ditto '-V' '-c' '-k' '--norsrc' '/var/folders/gm/_jwxssss1kj1zc5x_dh64xl80000gq/T/XcodeDistPipeline.~~~LAGXu8/Root' '/var/folders/gm/_jwxssss1kj1zc5x_dh64xl80000gq/T/XcodeDistPipeline.~~~LAGXu8/Packages/Keep Island.ipa'
2025-11-21 11:40:52 +0000  >>> Copying /var/folders/gm/_jwxssss1kj1zc5x_dh64xl80000gq/T/XcodeDistPipeline.~~~LAGXu8/Root 
2025-11-21 11:40:52 +0000  copying file ./Payload/Keep Island.app/_CodeSignature/CodeResources ... 
2025-11-21 11:40:52 +0000  2775 bytes for ./Payload/Keep Island.app/_CodeSignature/CodeResources
2025-11-21 11:40:52 +0000  copying file ./Payload/Keep Island.app/AppIcon60x60@2x.png ... 
2025-11-21 11:40:52 +0000  2961 bytes for ./Payload/Keep Island.app/AppIcon60x60@2x.png
copying file ./Payload/Keep Island.app/Assets.car ... 
2025-11-21 11:40:52 +0000  127384 bytes for ./Payload/Keep Island.app/Assets.car
2025-11-21 11:40:52 +0000  copying file ./Payload/Keep Island.app/AppIcon76x76@2x~ipad.png ... 
2025-11-21 11:40:52 +0000  3622 bytes for ./Payload/Keep Island.app/AppIcon76x76@2x~ipad.png
2025-11-21 11:40:52 +0000  copying file ./Payload/Keep Island.app/Keep Island ... 
2025-11-21 11:40:52 +0000  122464 bytes for ./Payload/Keep Island.app/Keep Island
2025-11-21 11:40:52 +0000  copying file ./Payload/Keep Island.app/embedded.mobileprovision ... 
2025-11-21 11:40:52 +0000  14271 bytes for ./Payload/Keep Island.app/embedded.mobileprovision
2025-11-21 11:40:52 +0000  copying file ./Payload/Keep Island.app/Info.plist ... 
2025-11-21 11:40:52 +0000  1562 bytes for ./Payload/Keep Island.app/Info.plist
copying file ./Payload/Keep Island.app/PkgInfo ... 
2025-11-21 11:40:52 +0000  8 bytes for ./Payload/Keep Island.app/PkgInfo
2025-11-21 11:40:52 +0000 [MT] /usr/bin/ditto exited with 0
2025-11-21 11:40:52 +0000 [MT] Processing step: IDEDistributionAppStoreInformationStep
2025-11-21 11:40:52 +0000 [MT] Skipping step: IDEDistributionAppStoreInformationStep because it said so
2025-11-21 11:40:52 +0000 [MT] Processing step: IDEDistributionGenerateProcessedDistributionItems
2025-11-21 11:40:52 +0000 [MT] IDEDistributionItem init <DVTFilePath:0x707cbfd00:'/var/folders/gm/_jwxssss1kj1zc5x_dh64xl80000gq/T/XcodeDistPipeline.~~~LAGXu8/Root/Payload/Keep Island.app'>
2025-11-21 11:40:52 +0000 [MT] Processing step: IDEDistributionCreateManifestStep
